2026-01-29 16:51:04,411 INFO: Objet "Disquette 8 pouces" (ID: 58) modifié par admin [in /Users/lehuen/dev/inventaire_CCNM/app.py:1233]
2026-01-29 16:51:38,740 INFO: Objet "Disquette 8 pouces" (ID: 58) modifié par admin [in /Users/lehuen/dev/inventaire_CCNM/app.py:1233]
2026-01-29 16:53:14,158 INFO: Déconnexion pour admin [in /Users/lehuen/dev/inventaire_CCNM/app.py:414]
2026-01-29 16:53:54,955 INFO: Application démarrée [in /Users/lehuen/dev/inventaire_CCNM/app.py:1548]
2026-01-29 16:53:55,183 INFO: Application démarrée [in /Users/lehuen/dev/inventaire_CCNM/app.py:1548]
2026-01-29 16:58:56,933 INFO: Compteur de tentatives réinitialisé pour admin après connexion réussie [in /Users/lehuen/dev/inventaire_CCNM/scripts/login_security.py:208]
2026-01-29 16:58:56,935 INFO: Connexion réussie pour admin [in /Users/lehuen/dev/inventaire_CCNM/app.py:386]
2026-01-29 17:00:39,486 INFO: Déconnexion pour admin [in /Users/lehuen/dev/inventaire_CCNM/app.py:414]
2026-01-29 17:05:33,704 INFO: Compteur de tentatives réinitialisé pour admin après connexion réussie [in /Users/lehuen/dev/inventaire_CCNM/scripts/login_security.py:208]
2026-01-29 17:05:33,705 INFO: Connexion réussie pour admin [in /Users/lehuen/dev/inventaire_CCNM/app.py:386]
2026-01-29 17:06:03,711 INFO: Déconnexion pour admin [in /Users/lehuen/dev/inventaire_CCNM/app.py:414]
2026-01-29 17:17:17,535 INFO: Compteur de tentatives réinitialisé pour admin après connexion réussie [in /Users/lehuen/dev/inventaire_CCNM/scripts/login_security.py:208]
2026-01-29 17:17:17,536 INFO: Connexion réussie pour admin [in /Users/lehuen/dev/inventaire_CCNM/app.py:386]
2026-01-29 17:18:58,212 INFO: Application démarrée [in /Users/lehuen/dev/inventaire_CCNM/app.py:1548]
2026-01-29 17:19:05,585 INFO: Déconnexion pour admin [in /Users/lehuen/dev/inventaire_CCNM/app.py:414]
2026-01-29 17:25:20,112 INFO: Compteur de tentatives réinitialisé pour admin après connexion réussie [in /Users/lehuen/dev/inventaire_CCNM/scripts/login_security.py:208]
2026-01-29 17:25:20,113 INFO: Connexion réussie pour admin [in /Users/lehuen/dev/inventaire_CCNM/app.py:386]
2026-01-29 17:25:28,536 INFO: Objet "AQ6355" (ID: 57) modifié par admin [in /Users/lehuen/dev/inventaire_CCNM/app.py:1233]
2026-01-29 17:25:30,472 INFO: Déconnexion pour admin [in /Users/lehuen/dev/inventaire_CCNM/app.py:414]
2026-01-29 17:25:48,274 INFO: Compteur de tentatives réinitialisé pour admin après connexion réussie [in /Users/lehuen/dev/inventaire_CCNM/scripts/login_security.py:208]
2026-01-29 17:25:48,275 INFO: Connexion réussie pour admin [in /Users/lehuen/dev/inventaire_CCNM/app.py:386]
2026-01-29 17:26:03,282 INFO: Objet "AQ6355" (ID: 57) modifié par admin [in /Users/lehuen/dev/inventaire_CCNM/app.py:1233]
2026-01-29 17:26:04,378 INFO: Déconnexion pour admin [in /Users/lehuen/dev/inventaire_CCNM/app.py:414]
2026-01-29 17:34:00,014 WARNING: Tentative de connexion échouée pour admib [in /Users/lehuen/dev/inventaire_CCNM/app.py:399]
2026-01-29 17:34:00,016 INFO: Tentative de connexion échouée pour admib - Tentative #1 [in /Users/lehuen/dev/inventaire_CCNM/scripts/login_security.py:154]
2026-01-29 17:34:04,057 INFO: Compteur de tentatives réinitialisé pour admin après connexion réussie [in /Users/lehuen/dev/inventaire_CCNM/scripts/login_security.py:208]
2026-01-29 17:34:04,058 INFO: Connexion réussie pour admin [in /Users/lehuen/dev/inventaire_CCNM/app.py:386]
2026-01-29 17:34:14,476 INFO: Déconnexion pour admin [in /Users/lehuen/dev/inventaire_CCNM/app.py:414]
2026-01-29 17:38:05,043 INFO: Compteur de tentatives réinitialisé pour admin après connexion réussie [in /Users/lehuen/dev/inventaire_CCNM/scripts/login_security.py:208]
2026-01-29 17:38:05,044 INFO: Connexion réussie pour admin [in /Users/lehuen/dev/inventaire_CCNM/app.py:386]
2026-01-29 17:38:25,307 INFO: Objet "Disquette 8 pouces" (ID: 58) modifié par admin [in /Users/lehuen/dev/inventaire_CCNM/app.py:1233]
2026-01-29 17:38:25,950 INFO: Déconnexion pour admin [in /Users/lehuen/dev/inventaire_CCNM/app.py:414]
2026-01-29 17:41:13,245 INFO: Compteur de tentatives réinitialisé pour admin après connexion réussie [in /Users/lehuen/dev/inventaire_CCNM/scripts/login_security.py:208]
2026-01-29 17:41:13,246 INFO: Connexion réussie pour admin [in /Users/lehuen/dev/inventaire_CCNM/app.py:386]
2026-01-29 17:47:04,562 INFO: Déconnexion pour admin [in /Users/lehuen/dev/inventaire_CCNM/app.py:414]
2026-01-29 19:23:46,557 INFO: Application démarrée [in /Users/lehuen/dev/inventaire_CCNM/app.py:1548]
2026-01-29 19:23:46,807 INFO: Application démarrée [in /Users/lehuen/dev/inventaire_CCNM/app.py:1548]
2026-01-29 19:24:12,240 INFO: Application démarrée [in /Users/lehuen/dev/inventaire_CCNM/app.py:1548]
2026-01-29 19:24:12,469 INFO: Application démarrée [in /Users/lehuen/dev/inventaire_CCNM/app.py:1548]
